Log file D:\Kacey\TrunkArmStudy\setup\\log\EzUsbFx2Lp_0BA67278.log created on 2021-01-28 at 04:55:18 PM
System Logging Level = 5
Trying to find a USB device with PID 259 and Serial Number 1116
Found VID/PID 15c5/103 with Serial Number 1116
MaxPktSize is 512
Transfer size is 0
Resetting Endpoints
Resetting Endpoints
Resetting Endpoints
Successfully connected to device.
Wrote 1 bytes to USB: 63 
Wrote 1 bytes to USB: 63 
Read 64 of 512 bytes from USB
Read 64 of 512 bytes from USB
Read 64 of 512 bytes from USB
Wrote 6 bytes to USB: 70 00 00 00 00 00 
Read 64 of 512 bytes from USB
Read 64 of 512 bytes from USB
Wrote 6 bytes to USB: 68 00 00 00 00 00 
Read 64 of 512 bytes from USB
Wrote 6 bytes to USB: 0b 00 00 00 00 00 
Read 64 of 512 bytes from USB
Wrote 6 bytes to USB: 20 03 00 00 00 00 
Read 64 of 512 bytes from USB
Wrote 6 bytes to USB: 22 02 00 00 00 00 
Read 64 of 512 bytes from USB
Wrote 6 bytes to USB: 21 00 00 00 00 00 
Read 64 of 512 bytes from USB
Wrote 6 bytes to USB: 10 50 00 00 00 00 
Read 64 of 512 bytes from USB
Wrote 6 bytes to USB: 11 64 00 00 00 00 
Read 64 of 512 bytes from USB
Read 64 of 512 bytes from USB
Wrote 6 bytes to USB: 12 0b 00 00 00 00 
Read 64 of 512 bytes from USB
Wrote 6 bytes to USB: 13 06 00 00 00 00 
Read 64 of 512 bytes from USB
Wrote 64 bytes to USB: 64 00 00 00 3a 06 00 00 00 00 00 00 00 00 00 00 
Read 64 of 512 bytes from USB
Wrote 64 bytes to USB: 64 01 5c 00 3a 06 03 03 03 03 03 03 04 04 04 04 
Read 64 of 512 bytes from USB
Wrote 64 bytes to USB: 64 02 b8 00 3a 06 07 07 07 07 07 07 07 07 07 07 
Read 64 of 512 bytes from USB
Wrote 64 bytes to USB: 64 04 14 00 3a 06 0a 0a 0b 0b 0b 0b 0b 0b 0b 0b 
Read 64 of 512 bytes from USB
Wrote 64 bytes to USB: 64 05 70 00 3a 06 0e 0e 0e 0e 0e 0e 0e 0e 0f 0f 
Read 64 of 512 bytes from USB
Wrote 64 bytes to USB: 64 06 cc 00 3a 06 12 12 12 12 12 12 12 12 12 12 
Read 64 of 512 bytes from USB
Wrote 64 bytes to USB: 64 08 28 00 3a 06 15 15 15 15 16 16 16 16 16 16 
Read 64 of 512 bytes from USB
Read 64 of 512 bytes from USB
Wrote 64 bytes to USB: 64 09 84 00 3a 06 19 19 19 19 19 19 19 19 19 19 
Read 64 of 512 bytes from USB
Wrote 54 bytes to USB: 64 0a e0 00 30 06 1d 1d 1d 1d 1d 1d 1d 1d 1d 1d 
Read 64 of 512 bytes from USB
Wrote 64 bytes to USB: 64 00 01 00 3a 06 00 01 02 03 04 05 06 07 08 09 
Read 64 of 512 bytes from USB
Wrote 64 bytes to USB: 64 01 5d 00 3a 06 0a 0b 0c 0d 0e 0f 00 01 02 03 
Read 64 of 512 bytes from USB
Wrote 64 bytes to USB: 64 02 b9 00 3a 06 04 05 06 07 08 09 0a 0b 0c 0d 
Read 64 of 512 bytes from USB
Wrote 64 bytes to USB: 64 04 15 00 3a 06 0e 0f 00 01 02 03 04 05 06 07 
Read 64 of 512 bytes from USB
Wrote 64 bytes to USB: 64 05 71 00 3a 06 08 09 0a 0b 0c 0d 0e 0f 00 01 
Read 64 of 512 bytes from USB
Wrote 64 bytes to USB: 64 06 cd 00 3a 06 12 13 14 15 16 17 18 19 1a 1b 
Read 64 of 512 bytes from USB
Wrote 64 bytes to USB: 64 08 29 00 3a 06 1c 1d 1e 1f 10 11 12 13 14 15 
Read 64 of 512 bytes from USB
Read 64 of 512 bytes from USB
Wrote 64 bytes to USB: 64 09 85 00 3a 06 16 17 18 19 1a 1b 1c 1d 1e 1f 
Read 64 of 512 bytes from USB
Wrote 54 bytes to USB: 64 0a e1 00 30 06 10 11 12 13 14 15 16 17 18 19 
Read 64 of 512 bytes from USB
Wrote 64 bytes to USB: 64 00 02 00 3a 06 2b 2b 2b 2b 2b 2b 2b 2b 2b 2b 
Read 64 of 512 bytes from USB
Wrote 64 bytes to USB: 64 01 5e 00 3a 06 2b 2b 2b 2b 2b 2b 2b 2b 2b 2b 
Read 64 of 512 bytes from USB
Wrote 64 bytes to USB: 64 02 ba 00 3a 06 2b 2b 2b 2b 2b 2b 2b 2b 2b 2b 
Read 64 of 512 bytes from USB
Wrote 64 bytes to USB: 64 04 16 00 3a 06 2b 2b 2b 2b 2b 2b 2b 2b 2b 2b 
Read 64 of 512 bytes from USB
Wrote 64 bytes to USB: 64 05 72 00 3a 06 2b 2b 2b 2b 2b 2b 2b 2b 2b 2b 
Read 64 of 512 bytes from USB
Wrote 64 bytes to USB: 64 06 ce 00 3a 06 2b 2b 2b 2b 2b 2b 2b 2b 2b 2b 
Read 64 of 512 bytes from USB
Wrote 64 bytes to USB: 64 08 2a 00 3a 06 2b 2b 2b 2b 2b 2b 2b 2b 2b 2b 
Read 64 of 512 bytes from USB
Wrote 64 bytes to USB: 64 09 86 00 3a 06 2b 2b 2b 2b 2b 2b 2b 2b 2b 2b 
Read 64 of 512 bytes from USB
Read 64 of 512 bytes from USB
Wrote 54 bytes to USB: 64 0a e2 00 30 06 2b 2b 2b 2b 2b 2b 2b 2b 2b 2b 
Read 64 of 512 bytes from USB
Wrote 64 bytes to USB: 64 00 03 00 3a 06 41 41 41 41 41 41 41 41 41 41 
Read 64 of 512 bytes from USB
Wrote 64 bytes to USB: 64 01 5f 00 3a 06 41 41 41 41 41 41 41 41 41 41 
Read 64 of 512 bytes from USB
Wrote 64 bytes to USB: 64 02 bb 00 3a 06 41 41 41 41 41 41 41 41 41 41 
Read 64 of 512 bytes from USB
Wrote 64 bytes to USB: 64 04 17 00 3a 06 41 41 41 41 41 41 41 41 41 41 
Read 64 of 512 bytes from USB
Wrote 64 bytes to USB: 64 05 73 00 3a 06 41 41 41 41 41 41 41 41 41 41 
Read 64 of 512 bytes from USB
Wrote 64 bytes to USB: 64 06 cf 00 3a 06 41 41 41 41 41 41 41 41 41 41 
Read 64 of 512 bytes from USB
Wrote 64 bytes to USB: 64 08 2b 00 3a 06 41 41 41 41 41 41 41 41 41 41 
Read 64 of 512 bytes from USB
Wrote 64 bytes to USB: 64 09 87 00 3a 06 41 41 41 41 41 41 41 41 41 41 
Read 64 of 512 bytes from USB
Read 64 of 512 bytes from USB
Wrote 54 bytes to USB: 64 0a e3 00 30 06 41 41 41 41 41 41 41 41 41 41 
Read 64 of 512 bytes from USB
Wrote 64 bytes to USB: 64 00 04 00 3a 06 50 50 50 50 50 50 50 50 50 50 
Read 64 of 512 bytes from USB
Wrote 64 bytes to USB: 64 01 60 00 3a 06 50 50 50 50 50 50 50 50 50 50 
Read 64 of 512 bytes from USB
Wrote 64 bytes to USB: 64 02 bc 00 3a 06 50 50 50 50 50 50 50 50 50 50 
Read 64 of 512 bytes from USB
Wrote 64 bytes to USB: 64 04 18 00 3a 06 50 50 50 50 50 50 50 50 50 50 
Read 64 of 512 bytes from USB
Wrote 64 bytes to USB: 64 05 74 00 3a 06 50 50 50 50 50 50 50 50 50 50 
Read 64 of 512 bytes from USB
Wrote 64 bytes to USB: 64 06 d0 00 3a 06 50 50 50 50 50 50 50 50 50 50 
Read 64 of 512 bytes from USB
Wrote 64 bytes to USB: 64 08 2c 00 3a 06 50 50 50 50 50 50 50 50 50 50 
Read 64 of 512 bytes from USB
Wrote 64 bytes to USB: 64 09 88 00 3a 06 50 50 50 50 50 50 50 50 50 50 
Read 64 of 512 bytes from USB
Read 64 of 512 bytes from USB
Wrote 54 bytes to USB: 64 0a e4 00 30 06 50 50 50 50 50 50 50 50 50 50 
Read 64 of 512 bytes from USB
Wrote 64 bytes to USB: 64 00 05 00 3a 06 64 65 66 68 69 69 69 6c 6b 6d 
Read 64 of 512 bytes from USB
Wrote 64 bytes to USB: 64 01 61 00 3a 06 6a 6a 6a 6b 69 67 62 65 65 66 
Read 64 of 512 bytes from USB
Wrote 64 bytes to USB: 64 02 bd 00 3a 06 69 67 6a 69 6a 6c 6d 6e 6e 6e 
Read 64 of 512 bytes from USB
Wrote 64 bytes to USB: 64 04 19 00 3a 06 6e 68 65 69 67 68 69 6a 6b 6b 
Read 64 of 512 bytes from USB
Wrote 64 bytes to USB: 64 05 75 00 3a 06 69 69 6c 6d 6d 6c 68 67 65 68 
Read 64 of 512 bytes from USB
Wrote 64 bytes to USB: 64 06 d1 00 3a 06 66 67 68 68 66 69 69 6a 6c 6c 
Read 64 of 512 bytes from USB
Wrote 64 bytes to USB: 64 08 2d 00 3a 06 6a 6a 6b 75 68 6b 6b 6b 6c 6e 
Read 64 of 512 bytes from USB
Read 64 of 512 bytes from USB
Wrote 64 bytes to USB: 64 09 89 00 3a 06 6e 6d 6e 6d 6c 6b 6b 6c 6c 6a 
Read 64 of 512 bytes from USB
Wrote 54 bytes to USB: 64 0a e5 00 30 06 6c 70 72 71 71 70 71 6f 6f 70 
Read 64 of 512 bytes from USB
Wrote 6 bytes to USB: 67 02 00 00 80 00 
Read 64 of 512 bytes from USB
Wrote 6 bytes to USB: 80 00 00 00 00 00 
Read 512 bytes from USB
Read 512 bytes from USB
Read 512 bytes from USB
Read 512 bytes from USB
Read 512 bytes from USB
Read 512 bytes from USB
Wrote 6 bytes to USB: 70 00 00 00 00 00 
Wrote 6 bytes to USB: 68 00 00 00 00 00 
Wrote 6 bytes to USB: 62 00 00 00 00 00 
Wrote 6 bytes to USB: 70 00 00 00 00 00 
Wrote 6 bytes to USB: 68 00 00 00 00 00 
Wrote 6 bytes to USB: 62 00 00 00 00 00 
Destroying USB Device.
