Log file D:\Kacey\TrunkArmStudy\setup\\log\MainAPI_Log_00000000.log created on 2021-01-28 at 04:55:18 PM
System Logging Level = 5
Root Folder: D:\Kacey\TrunkArmStudy\
HwPlugins Folder: D:\Kacey\TrunkArmStudy\HwPlugins\
ProcPlugins Folder: D:\Kacey\TrunkArmStudy\ProcPlugins\
Given Local Root Folder: D:\Kacey\TrunkArmStudy\setup\
Local Root Folder: D:\Kacey\TrunkArmStudy\setup\
Setup Folder: D:\Kacey\TrunkArmStudy\setup\\setup\
Log Folder: D:\Kacey\TrunkArmStudy\setup\\log\
Given Version: 1.0.0.0
Root Folder: D:\Kacey\TrunkArmStudy\
HwPlugins Folder: D:\Kacey\TrunkArmStudy\HwPlugins\
ProcPlugins Folder: D:\Kacey\TrunkArmStudy\ProcPlugins\
Given Local Root Folder: D:\Kacey\TrunkArmStudy\setup\
Local Root Folder: D:\Kacey\TrunkArmStudy\setup\
Setup Folder: D:\Kacey\TrunkArmStudy\setup\\setup\
Log Folder: D:\Kacey\TrunkArmStudy\setup\\log\
Given Version: 1.0.0.0
Root Folder: D:\Kacey\TrunkArmStudy\
HwPlugins Folder: D:\Kacey\TrunkArmStudy\HwPlugins\
ProcPlugins Folder: D:\Kacey\TrunkArmStudy\ProcPlugins\
Given Local Root Folder: D:\Kacey\TrunkArmStudy\setup\
Local Root Folder: D:\Kacey\TrunkArmStudy\setup\
Setup Folder: D:\Kacey\TrunkArmStudy\setup\\setup\
Log Folder: D:\Kacey\TrunkArmStudy\setup\\log\
Given Version: 1.0.0.0
